Using pre-set license
Built from '2020.3/staging' branch; Version is '2020.3.11f1 (99c7afb366b3) revision 10078127'; Using compiler version '192528614'; Build Type 'Release'
OS: 'Windows 10 Home; OS build 18363.1556; Version 1909; 64bit' Language: 'en' Physical Memory: 8043 MB
BatchMode: 1, IsHumanControllingUs: 0, StartBugReporterOnCrash: 0, Is64bit: 1, IsPro: 0

 COMMAND LINE ARGUMENTS:
C:\Program Files\Unity\Hub\Editor\2020.3.11f1\Editor\Unity.exe
-adb2
-batchMode
-noUpm
-name
AssetImportWorker0
-projectPath
C:/Users/Nathan/Desktop/UnderwaterDriving/Underwater Driving 2
-logFile
Logs/AssetImportWorker0.log
-srvPort
63362
Successfully changed project path to: C:/Users/Nathan/Desktop/UnderwaterDriving/Underwater Driving 2
C:/Users/Nathan/Desktop/UnderwaterDriving/Underwater Driving 2
Using Asset Import Pipeline V2.
Refreshing native plugins compatible for Editor in 120.96 ms, found 2 plugins.
Preloading 0 native plugins for Editor in 0.00 ms.
Initialize engine version: 2020.3.11f1 (99c7afb366b3)
[Subsystems] Discovering subsystems at path C:/Program Files/Unity/Hub/Editor/2020.3.11f1/Editor/Data/Resources/UnitySubsystems
[Subsystems] Discovering subsystems at path C:/Users/Nathan/Desktop/UnderwaterDriving/Underwater Driving 2/Assets
GfxDevice: creating device client; threaded=0
Direct3D:
    Version:  Direct3D 11.0 [level 11.1]
    Renderer: Intel(R) HD Graphics 520 (ID=0x1916)
    Vendor:   
    VRAM:     4021 MB
    Driver:   26.20.100.7986
Initialize mono
Mono path[0] = 'C:/Program Files/Unity/Hub/Editor/2020.3.11f1/Editor/Data/Managed'
Mono path[1] = 'C:/Program Files/Unity/Hub/Editor/2020.3.11f1/Editor/Data/MonoBleedingEdge/lib/mono/unityjit'
Mono config path = 'C:/Program Files/Unity/Hub/Editor/2020.3.11f1/Editor/Data/MonoBleedingEdge/etc'
Using monoOptions --debugger-agent=transport=dt_socket,embedding=1,server=y,suspend=n,address=127.0.0.1:56508
Begin MonoManager ReloadAssembly
Registering precompiled unity dll's ...
Register platform support module: C:/Program Files/Unity/Hub/Editor/2020.3.11f1/Editor/Data/PlaybackEngines/WindowsStandaloneSupport/UnityEditor.WindowsStandalone.Extensions.dll
Registered in 0.004266 seconds.
Native extension for WindowsStandalone target not found
Refreshing native plugins compatible for Editor in 65.67 ms, found 2 plugins.
Preloading 0 native plugins for Editor in 0.00 ms.
Mono: successfully reloaded assembly
- Completed reload, in  4.036 seconds
Platform modules already initialized, skipping
Registering precompiled user dll's ...
Registered in 0.015654 seconds.
Begin MonoManager ReloadAssembly
Native extension for WindowsStandalone target not found
Refreshing native plugins compatible for Editor in 0.74 ms, found 2 plugins.
Preloading 0 native plugins for Editor in 0.00 ms.
Mono: successfully reloaded assembly
- Completed reload, in  3.589 seconds
Platform modules already initialized, skipping
========================================================================
Worker process is ready to serve import requests
Launched and connected shader compiler UnityShaderCompiler.exe after 0.29 seconds
Refreshing native plugins compatible for Editor in 0.55 ms, found 2 plugins.
Preloading 0 native plugins for Editor in 0.00 ms.
Unloading 1877 Unused Serialized files (Serialized files now loaded: 0)
System memory in use before: 97.8 MB.
System memory in use after: 97.9 MB.

Unloading 19 unused Assets to reduce memory usage. Loaded Objects now: 2327.
Total: 3.798200 ms (FindLiveObjects: 0.259200 ms CreateObjectMapping: 0.106700 ms MarkObjects: 3.227000 ms  DeleteObjects: 0.202800 ms)

========================================================================
Received Import Request.
  path: Assets/_Shaders/ShaderDemo.shader
  artifactKey: Guid(4f987438affecbb408834df36072463f) Importer(815301076,1909f56bfc062723c751e8b465ee728b)
Start importing Assets/_Shaders/ShaderDemo.shader using Guid(4f987438affecbb408834df36072463f) Importer(815301076,1909f56bfc062723c751e8b465ee728b)  -> (artifact id: 'cc4cfe2d51ebbc958bb8a817a7bbd5a0') in 0.204070 seconds
  Import took 0.214716 seconds .

========================================================================
Received Import Request.
  Time since last request: 1055.273789 seconds.
  path: Assets/_Shaders/ShaderDemo.shader
  artifactKey: Guid(4f987438affecbb408834df36072463f) Importer(815301076,1909f56bfc062723c751e8b465ee728b)
Start importing Assets/_Shaders/ShaderDemo.shader using Guid(4f987438affecbb408834df36072463f) Importer(815301076,1909f56bfc062723c751e8b465ee728b)  -> (artifact id: 'c484a8fb8b40280e2a0196de0a6d3462') in 0.045964 seconds
  Import took 0.190261 seconds .

========================================================================
Received Import Request.
  Time since last request: 1297097.937827 seconds.
  path: Assets/_TerrainAutoUpgrade/rock.mat
  artifactKey: Guid(4384fb66e1415be47ac7a50e24581c52) Importer(815301076,1909f56bfc062723c751e8b465ee728b)
Start importing Assets/_TerrainAutoUpgrade/rock.mat using Guid(4384fb66e1415be47ac7a50e24581c52) Importer(815301076,1909f56bfc062723c751e8b465ee728b)  -> (artifact id: 'dce060c4d74e72626bbe8a511347adc7') in 7.236137 seconds
  Import took 7.464991 seconds .

========================================================================
Received Import Request.
  Time since last request: 0.001566 seconds.
  path: Assets/_TerrainAutoUpgrade/Stone.mat
  artifactKey: Guid(31b3ebd78d5ceb74d9b6337e3974e3b8) Importer(815301076,1909f56bfc062723c751e8b465ee728b)
Start importing Assets/_TerrainAutoUpgrade/Stone.mat using Guid(31b3ebd78d5ceb74d9b6337e3974e3b8) Importer(815301076,1909f56bfc062723c751e8b465ee728b)  -> (artifact id: '920a54d41b782481a00259a8139d4f3b') in 1.992426 seconds
  Import took 2.019410 seconds .

AssetImportWorkerClient::OnTransportError - code=2 error=End of file
