Using pre-set license
Built from '2020.3/staging' branch; Version is '2020.3.21f1 (a38c86f6690f) revision 10718342'; Using compiler version '192528614'; Build Type 'Release'
OS: 'Windows 10 Home; OS build 19042.1288; Version 2009; 64bit' Language: 'en' Physical Memory: 16302 MB
BatchMode: 1, IsHumanControllingUs: 0, StartBugReporterOnCrash: 0, Is64bit: 1, IsPro: 0

COMMAND LINE ARGUMENTS:
C:\Program Files\Unity\Hub\Editor\2020.3.21f1\Editor\Unity.exe
-adb2
-batchMode
-noUpm
-name
AssetImportWorker0
-projectPath
C:/Users/natha/OneDrive/Desktop/UnityTutorial/Underwater Driving 2
-logFile
Logs/AssetImportWorker0.log
-srvPort
59346
Successfully changed project path to: C:/Users/natha/OneDrive/Desktop/UnityTutorial/Underwater Driving 2
C:/Users/natha/OneDrive/Desktop/UnityTutorial/Underwater Driving 2
Using Asset Import Pipeline V2.
Refreshing native plugins compatible for Editor in 28.37 ms, found 2 plugins.
Preloading 0 native plugins for Editor in 0.00 ms.
Initialize engine version: 2020.3.21f1 (a38c86f6690f)
[Subsystems] Discovering subsystems at path C:/Program Files/Unity/Hub/Editor/2020.3.21f1/Editor/Data/Resources/UnitySubsystems
[Subsystems] Discovering subsystems at path C:/Users/natha/OneDrive/Desktop/UnityTutorial/Underwater Driving 2/Assets
GfxDevice: creating device client; threaded=0
Direct3D:
    Version:  Direct3D 11.0 [level 11.1]
    Renderer: NVIDIA GeForce GTX 1060 6GB (ID=0x1c03)
    Vendor:   
    VRAM:     6052 MB
    Driver:   27.21.14.5671
Initialize mono
Mono path[0] = 'C:/Program Files/Unity/Hub/Editor/2020.3.21f1/Editor/Data/Managed'
Mono path[1] = 'C:/Program Files/Unity/Hub/Editor/2020.3.21f1/Editor/Data/MonoBleedingEdge/lib/mono/unityjit'
Mono config path = 'C:/Program Files/Unity/Hub/Editor/2020.3.21f1/Editor/Data/MonoBleedingEdge/etc'
Using monoOptions --debugger-agent=transport=dt_socket,embedding=1,server=y,suspend=n,address=127.0.0.1:56412
Begin MonoManager ReloadAssembly
Registering precompiled unity dll's ...
Register platform support module: C:/Program Files/Unity/Hub/Editor/2020.3.21f1/Editor/Data/PlaybackEngines/WindowsStandaloneSupport/UnityEditor.WindowsStandalone.Extensions.dll
Registered in 0.001733 seconds.
Native extension for WindowsStandalone target not found
Refreshing native plugins compatible for Editor in 25.42 ms, found 2 plugins.
Preloading 0 native plugins for Editor in 0.00 ms.
Mono: successfully reloaded assembly
- Completed reload, in  1.004 seconds
Domain Reload Profiling:
	ReloadAssembly (1004ms)
		BeginReloadAssembly (46ms)
			ExecutionOrderSort (0ms)
			DisableScriptedObjects (0ms)
			BackupInstance (0ms)
			ReleaseScriptingObjects (0ms)
			CreateAndSetChildDomain (1ms)
		EndReloadAssembly (373ms)
			LoadAssemblies (44ms)
			RebuildTransferFunctionScriptingTraits (0ms)
			SetupTypeCache (131ms)
			ReleaseScriptCaches (0ms)
			RebuildScriptCaches (27ms)
			SetupLoadedEditorAssemblies (131ms)
				LogAssemblyErrors (0ms)
				InitializePlatformSupportModulesInManaged (3ms)
				SetLoadedEditorAssemblies (0ms)
				RefreshPlugins (25ms)
				BeforeProcessingInitializeOnLoad (12ms)
				ProcessInitializeOnLoadAttributes (67ms)
				ProcessInitializeOnLoadMethodAttributes (23ms)
				AfterProcessingInitializeOnLoad (0ms)
				EditorAssembliesLoaded (0ms)
			ExecutionOrderSort2 (0ms)
			AwakeInstancesAfterBackupRestoration (0ms)
Platform modules already initialized, skipping
Registering precompiled user dll's ...
Registered in 0.004748 seconds.
Begin MonoManager ReloadAssembly
Native extension for WindowsStandalone target not found
Refreshing native plugins compatible for Editor in 0.28 ms, found 2 plugins.
Preloading 0 native plugins for Editor in 0.00 ms.
Mono: successfully reloaded assembly
- Completed reload, in  0.865 seconds
Domain Reload Profiling:
	ReloadAssembly (865ms)
		BeginReloadAssembly (119ms)
			ExecutionOrderSort (0ms)
			DisableScriptedObjects (4ms)
			BackupInstance (0ms)
			ReleaseScriptingObjects (0ms)
			CreateAndSetChildDomain (15ms)
		EndReloadAssembly (693ms)
			LoadAssemblies (70ms)
			RebuildTransferFunctionScriptingTraits (0ms)
			SetupTypeCache (229ms)
			ReleaseScriptCaches (0ms)
			RebuildScriptCaches (40ms)
			SetupLoadedEditorAssemblies (262ms)
				LogAssemblyErrors (0ms)
				InitializePlatformSupportModulesInManaged (4ms)
				SetLoadedEditorAssemblies (0ms)
				RefreshPlugins (0ms)
				BeforeProcessingInitializeOnLoad (66ms)
				ProcessInitializeOnLoadAttributes (177ms)
				ProcessInitializeOnLoadMethodAttributes (8ms)
				AfterProcessingInitializeOnLoad (6ms)
				EditorAssembliesLoaded (0ms)
			ExecutionOrderSort2 (0ms)
			AwakeInstancesAfterBackupRestoration (6ms)
Platform modules already initialized, skipping
========================================================================
Worker process is ready to serve import requests
Launched and connected shader compiler UnityShaderCompiler.exe after 0.05 seconds
Refreshing native plugins compatible for Editor in 0.27 ms, found 2 plugins.
Preloading 0 native plugins for Editor in 0.00 ms.
Unloading 1501 Unused Serialized files (Serialized files now loaded: 0)
System memory in use before: 67.4 MB.
System memory in use after: 67.5 MB.

Unloading 19 unused Assets to reduce memory usage. Loaded Objects now: 1933.
Total: 2.495100 ms (FindLiveObjects: 0.131700 ms CreateObjectMapping: 0.041800 ms MarkObjects: 2.271300 ms  DeleteObjects: 0.049600 ms)

AssetImportParameters requested are different than current active one (requested -> active):
  custom:framework-win-MediaFoundation: 216162199b28c13a410421893ffa2e32 -> 
  custom:video-decoder-ogg-theora: a1e56fd34408186e4bbccfd4996cb3dc -> 
  custom:container-muxer-webm: aa71ff27fc2769a1b78a27578f13a17b -> 
  custom:container-demuxer-webm: 4f35f7cbe854078d1ac9338744f61a02 -> 
  custom:container-demuxer-ogg: 62fdf1f143b41e24485cea50d1cbac27 -> 
  custom:video-encoder-webm-vp8: eb34c28f22e8b96e1ab97ce403110664 -> 
  custom:video-decoder-webm-vp8: 9c59270c3fd7afecdb556c50c9e8de78 -> 
  custom:audio-decoder-ogg-vorbis: bf7c407c2cedff20999df2af8eb42d56 -> 
  custom:audio-encoder-webm-vorbis: bf7c407c2cedff20999df2af8eb42d56 -> 
========================================================================
Received Import Request.
  path: Assets/Scripts/SubControls/StrafeRight.cs
  artifactKey: Guid(7e7d76d87d609d0458fcf40605365654) Importer(815301076,1909f56bfc062723c751e8b465ee728b)
Start importing Assets/Scripts/SubControls/StrafeRight.cs using Guid(7e7d76d87d609d0458fcf40605365654) Importer(815301076,1909f56bfc062723c751e8b465ee728b)  -> (artifact id: '237108057cfdf44da077414d018048df') in 0.019969 seconds 
  Import took 0.021812 seconds .

========================================================================
Received Import Request.
  Time since last request: 14.291257 seconds.
  path: Assets/Scripts/SubControls/SubRight.cs
  artifactKey: Guid(7e7d76d87d609d0458fcf40605365654) Importer(815301076,1909f56bfc062723c751e8b465ee728b)
Start importing Assets/Scripts/SubControls/SubRight.cs using Guid(7e7d76d87d609d0458fcf40605365654) Importer(815301076,1909f56bfc062723c751e8b465ee728b)  -> (artifact id: '3106d6eba1300c187c3f10e24c251077') in 0.007889 seconds 
  Import took 0.010211 seconds .

========================================================================
Received Import Request.
  Time since last request: 0.013806 seconds.
  path: Assets/Scripts/SubControls/StrafeLeft.cs
  artifactKey: Guid(7bf7030f63e1996449f971c0a16a86f5) Importer(815301076,1909f56bfc062723c751e8b465ee728b)
Start importing Assets/Scripts/SubControls/StrafeLeft.cs using Guid(7bf7030f63e1996449f971c0a16a86f5) Importer(815301076,1909f56bfc062723c751e8b465ee728b)  -> (artifact id: '63778250d45e1e6abbf36a17880c544b') in 0.007511 seconds 
  Import took 0.010331 seconds .

========================================================================
Received Import Request.
  Time since last request: 14.866663 seconds.
  path: Assets/Scripts/SubControls/SubMoveLeft.cs
  artifactKey: Guid(7bf7030f63e1996449f971c0a16a86f5) Importer(815301076,1909f56bfc062723c751e8b465ee728b)
Start importing Assets/Scripts/SubControls/SubMoveLeft.cs using Guid(7bf7030f63e1996449f971c0a16a86f5) Importer(815301076,1909f56bfc062723c751e8b465ee728b)  -> (artifact id: 'f482d62e4e5ae7ba50d9d43ecff03f70') in 0.005723 seconds 
  Import took 0.007937 seconds .

========================================================================
Received Import Request.
  Time since last request: 13.656735 seconds.
  path: Assets/Scripts/SubControls/SubMoveRight.cs
  artifactKey: Guid(7e7d76d87d609d0458fcf40605365654) Importer(815301076,1909f56bfc062723c751e8b465ee728b)
Start importing Assets/Scripts/SubControls/SubMoveRight.cs using Guid(7e7d76d87d609d0458fcf40605365654) Importer(815301076,1909f56bfc062723c751e8b465ee728b)  -> (artifact id: 'fd46d779aa09186d67bfaf25396d8140') in 0.005251 seconds 
  Import took 0.007507 seconds .

========================================================================
Received Import Request.
  Time since last request: 1.988939 seconds.
  path: Assets/Scripts/SubControls/MoveDown.cs
  artifactKey: Guid(4a0c6cf085b505e43b228aa6cac8e5a4) Importer(815301076,1909f56bfc062723c751e8b465ee728b)
Start importing Assets/Scripts/SubControls/MoveDown.cs using Guid(4a0c6cf085b505e43b228aa6cac8e5a4) Importer(815301076,1909f56bfc062723c751e8b465ee728b)  -> (artifact id: '797906be788fea4c4f28bcfce1b36634') in 0.006738 seconds 
  Import took 0.009149 seconds .

========================================================================
Received Import Request.
  Time since last request: 5.580908 seconds.
  path: Assets/Scripts/SubControls/SubMoveDown.cs
  artifactKey: Guid(4a0c6cf085b505e43b228aa6cac8e5a4) Importer(815301076,1909f56bfc062723c751e8b465ee728b)
Start importing Assets/Scripts/SubControls/SubMoveDown.cs using Guid(4a0c6cf085b505e43b228aa6cac8e5a4) Importer(815301076,1909f56bfc062723c751e8b465ee728b)  -> (artifact id: 'a6f51f1adf683256255a2b5e27e9acf1') in 0.005297 seconds 
  Import took 0.007983 seconds .

========================================================================
Received Import Request.
  Time since last request: 1.454084 seconds.
  path: Assets/Scripts/SubControls/MoveUp.cs
  artifactKey: Guid(bdfdf4ec50b5dbe46a735fc9aefbd2a6) Importer(815301076,1909f56bfc062723c751e8b465ee728b)
Start importing Assets/Scripts/SubControls/MoveUp.cs using Guid(bdfdf4ec50b5dbe46a735fc9aefbd2a6) Importer(815301076,1909f56bfc062723c751e8b465ee728b)  -> (artifact id: 'b49be6b6be3632874fcc71c5fd23e11a') in 0.002130 seconds 
  Import took 0.004205 seconds .

========================================================================
Received Import Request.
  Time since last request: 5.938672 seconds.
  path: Assets/Scripts/SubControls/SubMoveUp.cs
  artifactKey: Guid(bdfdf4ec50b5dbe46a735fc9aefbd2a6) Importer(815301076,1909f56bfc062723c751e8b465ee728b)
Start importing Assets/Scripts/SubControls/SubMoveUp.cs using Guid(bdfdf4ec50b5dbe46a735fc9aefbd2a6) Importer(815301076,1909f56bfc062723c751e8b465ee728b)  -> (artifact id: 'fa2a2e106e41274bbf01f27074a692f2') in 0.005383 seconds 
  Import took 0.007602 seconds .

========================================================================
Received Import Request.
  Time since last request: 25.201512 seconds.
  path: Assets/Scripts/SubControls/SubMoveForward.cs
  artifactKey: Guid(94ba80e748cd0904b9cdfe8f63aabc5d) Importer(815301076,1909f56bfc062723c751e8b465ee728b)
Start importing Assets/Scripts/SubControls/SubMoveForward.cs using Guid(94ba80e748cd0904b9cdfe8f63aabc5d) Importer(815301076,1909f56bfc062723c751e8b465ee728b)  -> (artifact id: 'e5fce39f3e04f031b253dd9be1aab13b') in 0.008235 seconds 
  Import took 0.011419 seconds .

========================================================================
Received Import Request.
  Time since last request: 5.848233 seconds.
  path: Assets/Scripts/SubControls/SubMoveBackward.cs
  artifactKey: Guid(78e51834dd364554694fa2430c9c249c) Importer(815301076,1909f56bfc062723c751e8b465ee728b)
Start importing Assets/Scripts/SubControls/SubMoveBackward.cs using Guid(78e51834dd364554694fa2430c9c249c) Importer(815301076,1909f56bfc062723c751e8b465ee728b)  -> (artifact id: '0401f69fa30bbd279c06926669bcec0c') in 0.005715 seconds 
  Import took 0.008452 seconds .

========================================================================
Received Import Request.
  Time since last request: 41.060942 seconds.
  path: Assets/Scripts/SubControls/TurnLeft.cs
  artifactKey: Guid(429ef95874d491b40b1aa751406e9127) Importer(815301076,1909f56bfc062723c751e8b465ee728b)
Start importing Assets/Scripts/SubControls/TurnLeft.cs using Guid(429ef95874d491b40b1aa751406e9127) Importer(815301076,1909f56bfc062723c751e8b465ee728b)  -> (artifact id: '331deca36dde3d457891166741c70269') in 0.005911 seconds 
  Import took 0.008449 seconds .

========================================================================
Received Import Request.
  Time since last request: 5.607820 seconds.
  path: Assets/Scripts/SubControls/TurnSubLeft.cs
  artifactKey: Guid(429ef95874d491b40b1aa751406e9127) Importer(815301076,1909f56bfc062723c751e8b465ee728b)
Start importing Assets/Scripts/SubControls/TurnSubLeft.cs using Guid(429ef95874d491b40b1aa751406e9127) Importer(815301076,1909f56bfc062723c751e8b465ee728b)  -> (artifact id: '3bd799cfa1bf6c5e580cb261a437d9b9') in 0.006217 seconds 
  Import took 0.008609 seconds .

========================================================================
Received Import Request.
  Time since last request: 5.778879 seconds.
  path: Assets/Scripts/SubControls/TurnRight.cs
  artifactKey: Guid(128200cc81aab864cb275c981dd7227e) Importer(815301076,1909f56bfc062723c751e8b465ee728b)
Start importing Assets/Scripts/SubControls/TurnRight.cs using Guid(128200cc81aab864cb275c981dd7227e) Importer(815301076,1909f56bfc062723c751e8b465ee728b)  -> (artifact id: '1f2713d8b3d626279ff19388b88f04b1') in 0.005939 seconds 
  Import took 0.008686 seconds .

========================================================================
Received Import Request.
  Time since last request: 9.370838 seconds.
  path: Assets/Scripts/SubControls/TurnSubRight.cs
  artifactKey: Guid(128200cc81aab864cb275c981dd7227e) Importer(815301076,1909f56bfc062723c751e8b465ee728b)
Start importing Assets/Scripts/SubControls/TurnSubRight.cs using Guid(128200cc81aab864cb275c981dd7227e) Importer(815301076,1909f56bfc062723c751e8b465ee728b)  -> (artifact id: '314eb7e1b14b80dcdfbcb4bc0522a330') in 0.006614 seconds 
  Import took 0.008904 seconds .

========================================================================
Received Prepare
Registering precompiled user dll's ...
Registered in 0.004470 seconds.
Begin MonoManager ReloadAssembly
Native extension for WindowsStandalone target not found
Refreshing native plugins compatible for Editor in 0.27 ms, found 2 plugins.
Preloading 0 native plugins for Editor in 0.00 ms.
Mono: successfully reloaded assembly
- Completed reload, in  0.840 seconds
Domain Reload Profiling:
	ReloadAssembly (840ms)
		BeginReloadAssembly (102ms)
			ExecutionOrderSort (0ms)
			DisableScriptedObjects (4ms)
			BackupInstance (0ms)
			ReleaseScriptingObjects (0ms)
			CreateAndSetChildDomain (29ms)
		EndReloadAssembly (674ms)
			LoadAssemblies (79ms)
			RebuildTransferFunctionScriptingTraits (0ms)
			SetupTypeCache (248ms)
			ReleaseScriptCaches (1ms)
			RebuildScriptCaches (33ms)
			SetupLoadedEditorAssemblies (235ms)
				LogAssemblyErrors (0ms)
				InitializePlatformSupportModulesInManaged (5ms)
				SetLoadedEditorAssemblies (0ms)
				RefreshPlugins (0ms)
				BeforeProcessingInitializeOnLoad (60ms)
				ProcessInitializeOnLoadAttributes (157ms)
				ProcessInitializeOnLoadMethodAttributes (7ms)
				AfterProcessingInitializeOnLoad (5ms)
				EditorAssembliesLoaded (0ms)
			ExecutionOrderSort2 (0ms)
			AwakeInstancesAfterBackupRestoration (5ms)
Platform modules already initialized, skipping
Refreshing native plugins compatible for Editor in 0.27 ms, found 2 plugins.
Preloading 0 native plugins for Editor in 0.00 ms.
Unloading 1495 Unused Serialized files (Serialized files now loaded: 0)
System memory in use before: 67.2 MB.
System memory in use after: 67.3 MB.

Unloading 14 unused Assets to reduce memory usage. Loaded Objects now: 1935.
Total: 2.547700 ms (FindLiveObjects: 0.136600 ms CreateObjectMapping: 0.036500 ms MarkObjects: 2.359200 ms  DeleteObjects: 0.014300 ms)

AssetImportParameters requested are different than current active one (requested -> active):
  custom:framework-win-MediaFoundation: 216162199b28c13a410421893ffa2e32 -> 
  custom:video-decoder-ogg-theora: a1e56fd34408186e4bbccfd4996cb3dc -> 
  custom:container-muxer-webm: aa71ff27fc2769a1b78a27578f13a17b -> 
  custom:container-demuxer-webm: 4f35f7cbe854078d1ac9338744f61a02 -> 
  custom:container-demuxer-ogg: 62fdf1f143b41e24485cea50d1cbac27 -> 
  custom:video-encoder-webm-vp8: eb34c28f22e8b96e1ab97ce403110664 -> 
  custom:video-decoder-webm-vp8: 9c59270c3fd7afecdb556c50c9e8de78 -> 
  custom:audio-decoder-ogg-vorbis: bf7c407c2cedff20999df2af8eb42d56 -> 
  custom:audio-encoder-webm-vorbis: bf7c407c2cedff20999df2af8eb42d56 -> 
========================================================================
Received Prepare
Registering precompiled user dll's ...
Registered in 0.004516 seconds.
Begin MonoManager ReloadAssembly
Native extension for WindowsStandalone target not found
Refreshing native plugins compatible for Editor in 0.28 ms, found 2 plugins.
Preloading 0 native plugins for Editor in 0.00 ms.
Mono: successfully reloaded assembly
- Completed reload, in  1.003 seconds
Domain Reload Profiling:
	ReloadAssembly (1004ms)
		BeginReloadAssembly (104ms)
			ExecutionOrderSort (0ms)
			DisableScriptedObjects (4ms)
			BackupInstance (0ms)
			ReleaseScriptingObjects (0ms)
			CreateAndSetChildDomain (28ms)
		EndReloadAssembly (838ms)
			LoadAssemblies (85ms)
			RebuildTransferFunctionScriptingTraits (0ms)
			SetupTypeCache (314ms)
			ReleaseScriptCaches (1ms)
			RebuildScriptCaches (33ms)
			SetupLoadedEditorAssemblies (326ms)
				LogAssemblyErrors (0ms)
				InitializePlatformSupportModulesInManaged (4ms)
				SetLoadedEditorAssemblies (0ms)
				RefreshPlugins (0ms)
				BeforeProcessingInitializeOnLoad (61ms)
				ProcessInitializeOnLoadAttributes (248ms)
				ProcessInitializeOnLoadMethodAttributes (7ms)
				AfterProcessingInitializeOnLoad (6ms)
				EditorAssembliesLoaded (0ms)
			ExecutionOrderSort2 (0ms)
			AwakeInstancesAfterBackupRestoration (5ms)
Platform modules already initialized, skipping
Refreshing native plugins compatible for Editor in 0.28 ms, found 2 plugins.
Preloading 0 native plugins for Editor in 0.00 ms.
Unloading 1495 Unused Serialized files (Serialized files now loaded: 0)
System memory in use before: 67.3 MB.
System memory in use after: 67.4 MB.

Unloading 14 unused Assets to reduce memory usage. Loaded Objects now: 1937.
Total: 2.826200 ms (FindLiveObjects: 0.136600 ms CreateObjectMapping: 0.038700 ms MarkObjects: 2.635900 ms  DeleteObjects: 0.014400 ms)

AssetImportParameters requested are different than current active one (requested -> active):
  custom:framework-win-MediaFoundation: 216162199b28c13a410421893ffa2e32 -> 
  custom:video-decoder-ogg-theora: a1e56fd34408186e4bbccfd4996cb3dc -> 
  custom:container-muxer-webm: aa71ff27fc2769a1b78a27578f13a17b -> 
  custom:container-demuxer-webm: 4f35f7cbe854078d1ac9338744f61a02 -> 
  custom:container-demuxer-ogg: 62fdf1f143b41e24485cea50d1cbac27 -> 
  custom:video-encoder-webm-vp8: eb34c28f22e8b96e1ab97ce403110664 -> 
  custom:video-decoder-webm-vp8: 9c59270c3fd7afecdb556c50c9e8de78 -> 
  custom:audio-decoder-ogg-vorbis: bf7c407c2cedff20999df2af8eb42d56 -> 
  custom:audio-encoder-webm-vorbis: bf7c407c2cedff20999df2af8eb42d56 -> 
========================================================================
Received Prepare
Registering precompiled user dll's ...
Registered in 0.005714 seconds.
Begin MonoManager ReloadAssembly
Native extension for WindowsStandalone target not found
Refreshing native plugins compatible for Editor in 0.29 ms, found 2 plugins.
Preloading 0 native plugins for Editor in 0.00 ms.
Mono: successfully reloaded assembly
- Completed reload, in  0.925 seconds
Domain Reload Profiling:
	ReloadAssembly (926ms)
		BeginReloadAssembly (92ms)
			ExecutionOrderSort (0ms)
			DisableScriptedObjects (4ms)
			BackupInstance (0ms)
			ReleaseScriptingObjects (0ms)
			CreateAndSetChildDomain (27ms)
		EndReloadAssembly (783ms)
			LoadAssemblies (70ms)
			RebuildTransferFunctionScriptingTraits (0ms)
			SetupTypeCache (227ms)
			ReleaseScriptCaches (1ms)
			RebuildScriptCaches (32ms)
			SetupLoadedEditorAssemblies (355ms)
				LogAssemblyErrors (0ms)
				InitializePlatformSupportModulesInManaged (4ms)
				SetLoadedEditorAssemblies (0ms)
				RefreshPlugins (0ms)
				BeforeProcessingInitializeOnLoad (63ms)
				ProcessInitializeOnLoadAttributes (273ms)
				ProcessInitializeOnLoadMethodAttributes (7ms)
				AfterProcessingInitializeOnLoad (7ms)
				EditorAssembliesLoaded (0ms)
			ExecutionOrderSort2 (0ms)
			AwakeInstancesAfterBackupRestoration (6ms)
Platform modules already initialized, skipping
Refreshing native plugins compatible for Editor in 0.55 ms, found 2 plugins.
Preloading 0 native plugins for Editor in 0.00 ms.
Unloading 1495 Unused Serialized files (Serialized files now loaded: 0)
System memory in use before: 67.3 MB.
System memory in use after: 67.4 MB.

Unloading 14 unused Assets to reduce memory usage. Loaded Objects now: 1939.
Total: 2.788600 ms (FindLiveObjects: 0.199000 ms CreateObjectMapping: 0.051300 ms MarkObjects: 2.513900 ms  DeleteObjects: 0.022800 ms)

AssetImportParameters requested are different than current active one (requested -> active):
  custom:framework-win-MediaFoundation: 216162199b28c13a410421893ffa2e32 -> 
  custom:video-decoder-ogg-theora: a1e56fd34408186e4bbccfd4996cb3dc -> 
  custom:container-muxer-webm: aa71ff27fc2769a1b78a27578f13a17b -> 
  custom:container-demuxer-webm: 4f35f7cbe854078d1ac9338744f61a02 -> 
  custom:container-demuxer-ogg: 62fdf1f143b41e24485cea50d1cbac27 -> 
  custom:video-encoder-webm-vp8: eb34c28f22e8b96e1ab97ce403110664 -> 
  custom:video-decoder-webm-vp8: 9c59270c3fd7afecdb556c50c9e8de78 -> 
  custom:audio-decoder-ogg-vorbis: bf7c407c2cedff20999df2af8eb42d56 -> 
  custom:audio-encoder-webm-vorbis: bf7c407c2cedff20999df2af8eb42d56 -> 
AssetImportWorkerClient::OnTransportError - code=2 error=End of file
